<?xml version="1.0" encoding="UTF-8"?>
<!-- Generated by org.testng.reporters.JUnitReportReporter -->
<testsuite skipped="0" hostname="Abass-MBP-2.home" name="steps.ResetPasswordTest" tests="3" failures="0" timestamp="12 Jun 2019 20:31:36 GMT" time="1.421" errors="0">
  <testcase name="verifyUserShouldResetPassword" time="1.390" classname="steps.ResetPasswordTest"/>
  <testcase name="verifyThatFailedLoginAttemptsAvailableInDB" time="0.030" classname="steps.ResetPasswordTest"/>
  <testcase name="verifyThatPasswordLessThanLimit" time="0.001" classname="steps.ResetPasswordTest"/>
</testsuite> <!-- steps.ResetPasswordTest -->
